        -:    0:Source:coverage.c
        -:    0:Graph:coverage.gcno
        -:    0:Data:coverage.gcda
        -:    0:Runs:4
        -:    0:Programs:1
        -:    1:#include <stdio.h>
        -:    2:
        -:    3:static int v[] = {
        -:    4:    211,
        -:    5:    333,
        -:    6:    319,
        -:    7:    411,
        -:    8:    911,
        -:    9:    1001,
        -:   10:};
        -:   11:
       30:   12:static int compute(int a, int b, int c)
        -:   13:{
       30:   14:  int s = v[2];
       30:   15:  if (v[0] < a && a < v[1])
        -:   16:  {
       32:   17:    if (b < v[2])
        -:   18:    {
        8:   19:      s += v[2];
        8:   20:      if (c < v[3])
        -:   21:      {
        4:   22:        s += v[4];
        -:   23:      }
        -:   24:      else
        -:   25:      {
        4:   26:        s += v[3];
        -:   27:      }
        -:   28:    }
        -:   29:    else
        -:   30:    {
        8:   31:      s += v[1];
        8:   32:      if (c < v[1])
        -:   33:      {
        4:   34:        s += v[4];
        -:   35:      }
        -:   36:      else
        -:   37:      {
        4:   38:        s += v[2];
        -:   39:      }
        -:   40:    }
        -:   41:  }
        -:   42:  else
        -:   43:  {
       14:   44:    if (b < v[3])
        -:   45:    {
        9:   46:      if (c < v[4])
        -:   47:      {
        4:   48:        s += v[5];
        -:   49:      }
        -:   50:      else
        -:   51:      {
        5:   52:        s += v[1];
        -:   53:      }
        -:   54:    }
        -:   55:    else
        -:   56:    {
        5:   57:      if (c < v[2])
        -:   58:      {
        2:   59:        s += v[1];
        -:   60:      }
        -:   61:      else
        -:   62:      {
        3:   63:        s += v[3];
        -:   64:      }
        -:   65:    }
        -:   66:  }
       30:   67:  return s;
        -:   68:}
        -:   69:
        4:   70:int main()
        -:   71:{
        -:   72:  int a, b, c;
       34:   73:  while (scanf("%d %d %d", &a, &b, &c) == 3)
        -:   74:  {
       30:   75:    printf("compute(%d, %d, %d) = %d\n", a, b, c, compute(a, b, c));
        -:   76:  }
        4:   77:  return 0;
        -:   78:}
